TN:
SF:database.js
FNF:0
FNH:0
DA:3,1
LF:1
LH:1
BRF:0
BRH:0
end_of_record
TN:
SF:server.js
FN:32,(anonymous_0)
FN:35,(anonymous_1)
FN:41,(anonymous_2)
FN:44,(anonymous_3)
FN:48,(anonymous_4)
FN:54,(anonymous_5)
FN:72,(anonymous_6)
FNF:7
FNH:3
FNDA:0,(anonymous_0)
FNDA:2,(anonymous_1)
FNDA:0,(anonymous_2)
FNDA:0,(anonymous_3)
FNDA:0,(anonymous_4)
FNDA:2,(anonymous_5)
FNDA:1,(anonymous_6)
DA:14,1
DA:15,1
DA:16,1
DA:17,1
DA:21,1
DA:22,1
DA:23,1
DA:26,1
DA:31,1
DA:32,1
DA:33,0
DA:35,1
DA:36,2
DA:37,2
DA:38,1
DA:41,1
DA:42,0
DA:44,1
DA:45,0
DA:46,0
DA:48,1
DA:49,0
DA:50,0
DA:51,0
DA:52,0
DA:54,1
DA:55,2
DA:56,2
DA:57,2
DA:58,1
DA:60,1
DA:61,1
DA:62,1
DA:64,0
DA:69,0
DA:71,1
DA:72,1
DA:73,1
DA:77,1
LF:39
LH:29
BRDA:57,0,0,1
BRDA:57,0,1,1
BRDA:61,1,0,1
BRDA:61,1,1,0
BRF:4
BRH:3
end_of_record
TN:
SF:middleware\auth.js
FN:3,verifyLogin
FNF:1
FNH:1
FNDA:1,verifyLogin
DA:4,1
DA:5,1
DA:7,0
DA:8,0
DA:9,0
DA:10,0
DA:11,0
DA:14,0
LF:8
LH:2
BRDA:4,0,0,1
BRDA:4,0,1,0
BRF:2
BRH:1
end_of_record
